[0.092s] DEBUG:colcon:Command line arguments: ['/usr/bin/colcon', 'build']
[0.092s] DEBUG:colcon:Parsed command line arguments: Namespace(log_base=None, log_level=None, verb_name='build', build_base='build', install_base='install', merge_install=False, symlink_install=False, test_result_base=None, continue_on_error=False, executor='parallel', parallel_workers=20, event_handlers=None, ignore_user_meta=False, metas=['./colcon.meta'], base_paths=['.'], packages_ignore=None, packages_ignore_regex=None, paths=None, packages_up_to=None, packages_up_to_regex=None, packages_above=None, packages_above_and_dependencies=None, packages_above_depth=None, packages_select_by_dep=None, packages_skip_by_dep=None, packages_skip_up_to=None, packages_select_build_failed=False, packages_skip_build_finished=False, packages_select_test_failures=False, packages_skip_test_passed=False, packages_select=None, packages_skip=None, packages_select_regex=None, packages_skip_regex=None, packages_start=None, packages_end=None, allow_overriding=[], cmake_args=None, cmake_target=None, cmake_target_skip_unavailable=False, cmake_clean_cache=False, cmake_clean_first=False, cmake_force_configure=False, ament_cmake_args=None, catkin_cmake_args=None, catkin_skip_building_tests=False, mixin_files=None, mixin=None, verb_parser=<colcon_mixin.mixin.mixin_argument.MixinArgumentDecorator object at 0x7f786a11a2f0>, verb_extension=<colcon_core.verb.build.BuildVerb object at 0x7f786a119e40>, main=<bound method BuildVerb.main of <colcon_core.verb.build.BuildVerb object at 0x7f786a119e40>>, mixin_verb=('build',))
[2.064s] Level 1:colcon.colcon_core.package_discovery:discover_packages(colcon_meta) check parameters
[2.064s] Level 1:colcon.colcon_core.package_discovery:discover_packages(recursive) check parameters
[2.064s] Level 1:colcon.colcon_core.package_discovery:discover_packages(ignore) check parameters
[2.064s] Level 1:colcon.colcon_core.package_discovery:discover_packages(path) check parameters
[2.064s] Level 1:colcon.colcon_core.package_discovery:discover_packages(colcon_meta) discover
[2.064s] Level 1:colcon.colcon_core.package_discovery:discover_packages(recursive) discover
[2.064s] INFO:colcon.colcon_core.package_discovery:Crawling recursively for packages in '/root/seniordesign_ws/src/snow_white_description'
[2.064s] Level 1:colcon.colcon_core.package_identification:_identify(.) by extensions ['ignore', 'ignore_ament_install']
[2.064s] Level 1:colcon.colcon_core.package_identification:_identify(.) by extension 'ignore'
[2.064s] Level 1:colcon.colcon_core.package_identification:_identify(.) by extension 'ignore_ament_install'
[2.064s] Level 1:colcon.colcon_core.package_identification:_identify(.) by extensions ['colcon_pkg']
[2.064s] Level 1:colcon.colcon_core.package_identification:_identify(.) by extension 'colcon_pkg'
[2.064s] Level 1:colcon.colcon_core.package_identification:_identify(.) by extensions ['colcon_meta']
[2.064s] Level 1:colcon.colcon_core.package_identification:_identify(.) by extension 'colcon_meta'
[2.064s] Level 1:colcon.colcon_core.package_identification:_identify(.) by extensions ['ros']
[2.064s] Level 1:colcon.colcon_core.package_identification:_identify(.) by extension 'ros'
[2.071s] DEBUG:colcon.colcon_core.package_identification:Package '.' with type 'ros.ament_cmake' and name 'snow_white_description'
[2.071s] Level 1:colcon.colcon_core.package_discovery:discover_packages(recursive) using defaults
[2.071s] Level 1:colcon.colcon_core.package_discovery:discover_packages(ignore) discover
[2.071s] Level 1:colcon.colcon_core.package_discovery:discover_packages(ignore) using defaults
[2.071s] Level 1:colcon.colcon_core.package_discovery:discover_packages(path) discover
[2.071s] Level 1:colcon.colcon_core.package_discovery:discover_packages(path) using defaults
[2.086s] Level 1:colcon.colcon_core.package_discovery:discover_packages(prefix_path) check parameters
[2.086s] Level 1:colcon.colcon_core.package_discovery:discover_packages(prefix_path) discover
[2.086s] DEBUG:colcon.colcon_installed_package_information.package_discovery:Found 1 installed packages in /root/seniordesign_ws/src/snow_white_description/install
[2.087s] DEBUG:colcon.colcon_installed_package_information.package_discovery:Found 327 installed packages in /opt/ros/humble
[2.088s] Level 1:colcon.colcon_core.package_discovery:discover_packages(prefix_path) using defaults
[2.106s] Level 5:colcon.colcon_core.verb:set package 'snow_white_description' build argument 'cmake_args' from command line to 'None'
[2.106s] Level 5:colcon.colcon_core.verb:set package 'snow_white_description' build argument 'cmake_target' from command line to 'None'
[2.106s] Level 5:colcon.colcon_core.verb:set package 'snow_white_description' build argument 'cmake_target_skip_unavailable' from command line to 'False'
[2.106s] Level 5:colcon.colcon_core.verb:set package 'snow_white_description' build argument 'cmake_clean_cache' from command line to 'False'
[2.106s] Level 5:colcon.colcon_core.verb:set package 'snow_white_description' build argument 'cmake_clean_first' from command line to 'False'
[2.106s] Level 5:colcon.colcon_core.verb:set package 'snow_white_description' build argument 'cmake_force_configure' from command line to 'False'
[2.106s] Level 5:colcon.colcon_core.verb:set package 'snow_white_description' build argument 'ament_cmake_args' from command line to 'None'
[2.106s] Level 5:colcon.colcon_core.verb:set package 'snow_white_description' build argument 'catkin_cmake_args' from command line to 'None'
[2.106s] Level 5:colcon.colcon_core.verb:set package 'snow_white_description' build argument 'catkin_skip_building_tests' from command line to 'False'
[2.106s] DEBUG:colcon.colcon_core.verb:Building package 'snow_white_description' with the following arguments: {'ament_cmake_args': None, 'build_base': '/root/seniordesign_ws/src/snow_white_description/build/snow_white_description', 'catkin_cmake_args': None, 'catkin_skip_building_tests': False, 'cmake_args': None, 'cmake_clean_cache': False, 'cmake_clean_first': False, 'cmake_force_configure': False, 'cmake_target': None, 'cmake_target_skip_unavailable': False, 'install_base': '/root/seniordesign_ws/src/snow_white_description/install/snow_white_description', 'merge_install': False, 'path': '/root/seniordesign_ws/src/snow_white_description', 'symlink_install': False, 'test_result_base': None}
[2.106s] INFO:colcon.colcon_core.executor:Executing jobs using 'parallel' executor
[2.107s] DEBUG:colcon.colcon_parallel_executor.executor.parallel:run_until_complete
[2.107s] INFO:colcon.colcon_ros.task.ament_cmake.build:Building ROS package in '/root/seniordesign_ws/src/snow_white_description' with build type 'ament_cmake'
[2.107s] INFO:colcon.colcon_cmake.task.cmake.build:Building CMake package in '/root/seniordesign_ws/src/snow_white_description'
[2.108s] INFO:colcon.colcon_core.plugin_system:Skipping extension 'colcon_core.shell.bat': Not used on non-Windows systems
[2.108s] INFO:colcon.colcon_core.shell:Skip shell extension 'powershell' for command environment: Not usable outside of PowerShell
[2.108s] DEBUG:colcon.colcon_core.shell:Skip shell extension 'dsv' for command environment
[2.114s] DEBUG:colcon.colcon_core.event_handler.log_command:Invoking command in '/root/seniordesign_ws/src/snow_white_description/build/snow_white_description': CMAKE_PREFIX_PATH=${CMAKE_PREFIX_PATH}:/opt/ros/humble /usr/bin/cmake --build /root/seniordesign_ws/src/snow_white_description/build/snow_white_description -- -j20 -l20
[2.128s] DEBUG:colcon.colcon_core.event_handler.log_command:Invoked command in '/root/seniordesign_ws/src/snow_white_description/build/snow_white_description' returned '0': CMAKE_PREFIX_PATH=${CMAKE_PREFIX_PATH}:/opt/ros/humble /usr/bin/cmake --build /root/seniordesign_ws/src/snow_white_description/build/snow_white_description -- -j20 -l20
[2.139s] DEBUG:colcon.colcon_core.event_handler.log_command:Invoking command in '/root/seniordesign_ws/src/snow_white_description/build/snow_white_description': CMAKE_PREFIX_PATH=${CMAKE_PREFIX_PATH}:/opt/ros/humble /usr/bin/cmake --install /root/seniordesign_ws/src/snow_white_description/build/snow_white_description
[2.144s] Level 1:colcon.colcon_core.environment:create_environment_scripts_only(snow_white_description)
[2.144s] DEBUG:colcon.colcon_core.event_handler.log_command:Invoked command in '/root/seniordesign_ws/src/snow_white_description/build/snow_white_description' returned '0': CMAKE_PREFIX_PATH=${CMAKE_PREFIX_PATH}:/opt/ros/humble /usr/bin/cmake --install /root/seniordesign_ws/src/snow_white_description/build/snow_white_description
[2.145s] Level 1:colcon.colcon_core.environment:checking '/root/seniordesign_ws/src/snow_white_description/install/snow_white_description' for CMake module files
[2.145s] Level 1:colcon.colcon_core.environment:checking '/root/seniordesign_ws/src/snow_white_description/install/snow_white_description' for CMake config files
[2.145s] Level 1:colcon.colcon_core.shell:create_environment_hook('snow_white_description', 'cmake_prefix_path')
[2.146s] INFO:colcon.colcon_core.shell:Creating environment hook '/root/seniordesign_ws/src/snow_white_description/install/snow_white_description/share/snow_white_description/hook/cmake_prefix_path.ps1'
[2.146s] INFO:colcon.colcon_core.shell:Creating environment descriptor '/root/seniordesign_ws/src/snow_white_description/install/snow_white_description/share/snow_white_description/hook/cmake_prefix_path.dsv'
[2.146s] INFO:colcon.colcon_core.shell:Creating environment hook '/root/seniordesign_ws/src/snow_white_description/install/snow_white_description/share/snow_white_description/hook/cmake_prefix_path.sh'
[2.146s] Level 1:colcon.colcon_core.environment:checking '/root/seniordesign_ws/src/snow_white_description/install/snow_white_description/bin'
[2.146s] Level 1:colcon.colcon_core.environment:checking '/root/seniordesign_ws/src/snow_white_description/install/snow_white_description/lib/pkgconfig/snow_white_description.pc'
[2.147s] Level 1:colcon.colcon_core.environment:checking '/root/seniordesign_ws/src/snow_white_description/install/snow_white_description/lib/python3.10/site-packages'
[2.147s] Level 1:colcon.colcon_core.environment:checking '/root/seniordesign_ws/src/snow_white_description/install/snow_white_description/bin'
[2.147s] INFO:colcon.colcon_core.shell:Creating package script '/root/seniordesign_ws/src/snow_white_description/install/snow_white_description/share/snow_white_description/package.ps1'
[2.147s] INFO:colcon.colcon_core.shell:Creating package descriptor '/root/seniordesign_ws/src/snow_white_description/install/snow_white_description/share/snow_white_description/package.dsv'
[2.147s] INFO:colcon.colcon_core.shell:Creating package script '/root/seniordesign_ws/src/snow_white_description/install/snow_white_description/share/snow_white_description/package.sh'
[2.148s] INFO:colcon.colcon_core.shell:Creating package script '/root/seniordesign_ws/src/snow_white_description/install/snow_white_description/share/snow_white_description/package.bash'
[2.148s] INFO:colcon.colcon_core.shell:Creating package script '/root/seniordesign_ws/src/snow_white_description/install/snow_white_description/share/snow_white_description/package.zsh'
[2.148s] Level 1:colcon.colcon_core.environment:create_file_with_runtime_dependencies(/root/seniordesign_ws/src/snow_white_description/install/snow_white_description/share/colcon-core/packages/snow_white_description)
[2.157s] Level 1:colcon.colcon_core.environment:create_environment_scripts_only(snow_white_description)
[2.157s] Level 1:colcon.colcon_core.environment:checking '/root/seniordesign_ws/src/snow_white_description/install/snow_white_description' for CMake module files
[2.157s] Level 1:colcon.colcon_core.environment:checking '/root/seniordesign_ws/src/snow_white_description/install/snow_white_description' for CMake config files
[2.157s] Level 1:colcon.colcon_core.shell:create_environment_hook('snow_white_description', 'cmake_prefix_path')
[2.157s] INFO:colcon.colcon_core.shell:Creating environment hook '/root/seniordesign_ws/src/snow_white_description/install/snow_white_description/share/snow_white_description/hook/cmake_prefix_path.ps1'
[2.157s] INFO:colcon.colcon_core.shell:Creating environment descriptor '/root/seniordesign_ws/src/snow_white_description/install/snow_white_description/share/snow_white_description/hook/cmake_prefix_path.dsv'
[2.157s] INFO:colcon.colcon_core.shell:Creating environment hook '/root/seniordesign_ws/src/snow_white_description/install/snow_white_description/share/snow_white_description/hook/cmake_prefix_path.sh'
[2.158s] Level 1:colcon.colcon_core.environment:checking '/root/seniordesign_ws/src/snow_white_description/install/snow_white_description/bin'
[2.158s] Level 1:colcon.colcon_core.environment:checking '/root/seniordesign_ws/src/snow_white_description/install/snow_white_description/lib/pkgconfig/snow_white_description.pc'
[2.158s] Level 1:colcon.colcon_core.environment:checking '/root/seniordesign_ws/src/snow_white_description/install/snow_white_description/lib/python3.10/site-packages'
[2.158s] Level 1:colcon.colcon_core.environment:checking '/root/seniordesign_ws/src/snow_white_description/install/snow_white_description/bin'
[2.158s] INFO:colcon.colcon_core.shell:Creating package script '/root/seniordesign_ws/src/snow_white_description/install/snow_white_description/share/snow_white_description/package.ps1'
[2.158s] INFO:colcon.colcon_core.shell:Creating package descriptor '/root/seniordesign_ws/src/snow_white_description/install/snow_white_description/share/snow_white_description/package.dsv'
[2.158s] INFO:colcon.colcon_core.shell:Creating package script '/root/seniordesign_ws/src/snow_white_description/install/snow_white_description/share/snow_white_description/package.sh'
[2.159s] INFO:colcon.colcon_core.shell:Creating package script '/root/seniordesign_ws/src/snow_white_description/install/snow_white_description/share/snow_white_description/package.bash'
[2.159s] INFO:colcon.colcon_core.shell:Creating package script '/root/seniordesign_ws/src/snow_white_description/install/snow_white_description/share/snow_white_description/package.zsh'
[2.159s] Level 1:colcon.colcon_core.environment:create_file_with_runtime_dependencies(/root/seniordesign_ws/src/snow_white_description/install/snow_white_description/share/colcon-core/packages/snow_white_description)
[2.159s] DEBUG:colcon.colcon_parallel_executor.executor.parallel:closing loop
[2.159s] DEBUG:colcon.colcon_parallel_executor.executor.parallel:loop closed
[2.159s] DEBUG:colcon.colcon_parallel_executor.executor.parallel:run_until_complete finished with '0'
[2.159s] DEBUG:colcon.colcon_core.event_reactor:joining thread
[2.188s] INFO:colcon.colcon_core.plugin_system:Skipping extension 'colcon_notification.desktop_notification.notify_send': Could not find 'notify-send'
[2.188s] INFO:colcon.colcon_core.plugin_system:Skipping extension 'colcon_notification.desktop_notification.terminal_notifier': Not used on non-Darwin systems
[2.188s] INFO:colcon.colcon_core.plugin_system:Skipping extension 'colcon_notification.desktop_notification.win32': Not used on non-Windows systems
[2.188s] INFO:colcon.colcon_notification.desktop_notification:Sending desktop notification using 'notify2'
[2.188s] DEBUG:colcon.colcon_notification.desktop_notification.notify2:Failed to initialize notify2: org.freedesktop.DBus.Error.FileNotFound: Failed to connect to socket /run/user/0/bus: No such file or directory
[2.188s] DEBUG:colcon.colcon_core.event_reactor:joined thread
[2.188s] INFO:colcon.colcon_core.shell:Creating prefix script '/root/seniordesign_ws/src/snow_white_description/install/local_setup.ps1'
[2.189s] INFO:colcon.colcon_core.shell:Creating prefix util module '/root/seniordesign_ws/src/snow_white_description/install/_local_setup_util_ps1.py'
[2.189s] INFO:colcon.colcon_core.shell:Creating prefix chain script '/root/seniordesign_ws/src/snow_white_description/install/setup.ps1'
[2.190s] INFO:colcon.colcon_core.shell:Creating prefix script '/root/seniordesign_ws/src/snow_white_description/install/local_setup.sh'
[2.190s] INFO:colcon.colcon_core.shell:Creating prefix util module '/root/seniordesign_ws/src/snow_white_description/install/_local_setup_util_sh.py'
[2.190s] INFO:colcon.colcon_core.shell:Creating prefix chain script '/root/seniordesign_ws/src/snow_white_description/install/setup.sh'
[2.191s] INFO:colcon.colcon_core.shell:Creating prefix script '/root/seniordesign_ws/src/snow_white_description/install/local_setup.bash'
[2.191s] INFO:colcon.colcon_core.shell:Creating prefix chain script '/root/seniordesign_ws/src/snow_white_description/install/setup.bash'
[2.191s] INFO:colcon.colcon_core.shell:Creating prefix script '/root/seniordesign_ws/src/snow_white_description/install/local_setup.zsh'
[2.192s] INFO:colcon.colcon_core.shell:Creating prefix chain script '/root/seniordesign_ws/src/snow_white_description/install/setup.zsh'
