[0.011s] Invoking command in '/root/seniordesign_ws/src/snow_white_description/build/snow_white_description': CMAKE_PREFIX_PATH=${CMAKE_PREFIX_PATH}:/root/install/py_srvcli:/root/install/py_pubsubros2:/root/install/learning_tf2_py:/root/install/python_parameters:/root/install/py_launch_example:/root/install/nav2_simple_commander:/root/install/my_package:/root/install/launch_tutorial:/root/install/launch_testing_examples:/root/install/examples_rclpy_pointcloud_publisher:/root/install/examples_rclpy_minimal_subscriber:/root/install/examples_rclpy_minimal_service:/root/install/examples_rclpy_minimal_publisher:/root/install/examples_rclpy_minimal_client:/root/install/examples_rclpy_minimal_action_server:/root/install/examples_rclpy_minimal_action_client:/root/install/examples_rclpy_guard_conditions:/root/install/examples_rclpy_executors:/opt/ros/humble /usr/bin/cmake --build /root/seniordesign_ws/src/snow_white_description/build/snow_white_description -- -j20 -l20
[0.069s] -- Found ament_cmake: 1.3.10 (/opt/ros/humble/share/ament_cmake/cmake)
[0.184s] -- Found ament_lint_auto: 0.12.11 (/opt/ros/humble/share/ament_lint_auto/cmake)
[0.269s] -- Added test 'cppcheck' to perform static code analysis on C / C++ code
[0.269s] -- Configured cppcheck include dirs: 
[0.269s] -- Configured cppcheck exclude dirs and/or files: 
[0.271s] -- Added test 'flake8' to check Python code syntax and style conventions
[0.274s] -- Added test 'lint_cmake' to check CMake code style
[0.275s] -- Added test 'pep257' to check Python code against some of the docstring style conventions in PEP 257
[0.282s] -- Added test 'uncrustify' to check C / C++ code style
[0.282s] -- Configured uncrustify additional arguments: 
[0.283s] -- Added test 'xmllint' to check XML markup files
[0.284s] -- Configuring done
[0.288s] -- Generating done
[0.289s] -- Build files have been written to: /root/seniordesign_ws/src/snow_white_description/build/snow_white_description
[0.302s] Invoked command in '/root/seniordesign_ws/src/snow_white_description/build/snow_white_description' returned '0': CMAKE_PREFIX_PATH=${CMAKE_PREFIX_PATH}:/root/install/py_srvcli:/root/install/py_pubsubros2:/root/install/learning_tf2_py:/root/install/python_parameters:/root/install/py_launch_example:/root/install/nav2_simple_commander:/root/install/my_package:/root/install/launch_tutorial:/root/install/launch_testing_examples:/root/install/examples_rclpy_pointcloud_publisher:/root/install/examples_rclpy_minimal_subscriber:/root/install/examples_rclpy_minimal_service:/root/install/examples_rclpy_minimal_publisher:/root/install/examples_rclpy_minimal_client:/root/install/examples_rclpy_minimal_action_server:/root/install/examples_rclpy_minimal_action_client:/root/install/examples_rclpy_guard_conditions:/root/install/examples_rclpy_executors:/opt/ros/humble /usr/bin/cmake --build /root/seniordesign_ws/src/snow_white_description/build/snow_white_description -- -j20 -l20
[0.318s] Invoking command in '/root/seniordesign_ws/src/snow_white_description/build/snow_white_description': CMAKE_PREFIX_PATH=${CMAKE_PREFIX_PATH}:/root/install/py_srvcli:/root/install/py_pubsubros2:/root/install/learning_tf2_py:/root/install/python_parameters:/root/install/py_launch_example:/root/install/nav2_simple_commander:/root/install/my_package:/root/install/launch_tutorial:/root/install/launch_testing_examples:/root/install/examples_rclpy_pointcloud_publisher:/root/install/examples_rclpy_minimal_subscriber:/root/install/examples_rclpy_minimal_service:/root/install/examples_rclpy_minimal_publisher:/root/install/examples_rclpy_minimal_client:/root/install/examples_rclpy_minimal_action_server:/root/install/examples_rclpy_minimal_action_client:/root/install/examples_rclpy_guard_conditions:/root/install/examples_rclpy_executors:/opt/ros/humble /usr/bin/cmake --install /root/seniordesign_ws/src/snow_white_description/build/snow_white_description
[0.322s] -- Install configuration: ""
[0.322s] -- Up-to-date: /root/seniordesign_ws/src/snow_white_description/install/snow_white_description/share/snow_white_description/src
[0.322s] -- Up-to-date: /root/seniordesign_ws/src/snow_white_description/install/snow_white_description/share/snow_white_description/src/description
[0.322s] -- Up-to-date: /root/seniordesign_ws/src/snow_white_description/install/snow_white_description/share/snow_white_description/src/description/snow_white_description.urdf
[0.322s] -- Up-to-date: /root/seniordesign_ws/src/snow_white_description/install/snow_white_description/share/snow_white_description/launch
[0.322s] -- Installing: /root/seniordesign_ws/src/snow_white_description/install/snow_white_description/share/snow_white_description/launch/display.launch.py
[0.323s] -- Up-to-date: /root/seniordesign_ws/src/snow_white_description/install/snow_white_description/share/snow_white_description/rviz
[0.323s] -- Installing: /root/seniordesign_ws/src/snow_white_description/install/snow_white_description/share/snow_white_description/rviz/urdf_config.rviz
[0.323s] -- Up-to-date: /root/seniordesign_ws/src/snow_white_description/install/snow_white_description/share/snow_white_description/config
[0.323s] -- Installing: /root/seniordesign_ws/src/snow_white_description/install/snow_white_description/share/snow_white_description/config/ekf.yaml
[0.323s] -- Up-to-date: /root/seniordesign_ws/src/snow_white_description/install/snow_white_description/share/ament_index/resource_index/package_run_dependencies/snow_white_description
[0.323s] -- Installing: /root/seniordesign_ws/src/snow_white_description/install/snow_white_description/share/ament_index/resource_index/parent_prefix_path/snow_white_description
[0.323s] -- Up-to-date: /root/seniordesign_ws/src/snow_white_description/install/snow_white_description/share/snow_white_description/environment/ament_prefix_path.sh
[0.323s] -- Installing: /root/seniordesign_ws/src/snow_white_description/install/snow_white_description/share/snow_white_description/environment/ament_prefix_path.dsv
[0.324s] -- Up-to-date: /root/seniordesign_ws/src/snow_white_description/install/snow_white_description/share/snow_white_description/environment/path.sh
[0.324s] -- Installing: /root/seniordesign_ws/src/snow_white_description/install/snow_white_description/share/snow_white_description/environment/path.dsv
[0.324s] -- Up-to-date: /root/seniordesign_ws/src/snow_white_description/install/snow_white_description/share/snow_white_description/local_setup.bash
[0.324s] -- Up-to-date: /root/seniordesign_ws/src/snow_white_description/install/snow_white_description/share/snow_white_description/local_setup.sh
[0.324s] -- Up-to-date: /root/seniordesign_ws/src/snow_white_description/install/snow_white_description/share/snow_white_description/local_setup.zsh
[0.324s] -- Installing: /root/seniordesign_ws/src/snow_white_description/install/snow_white_description/share/snow_white_description/local_setup.dsv
[0.324s] -- Installing: /root/seniordesign_ws/src/snow_white_description/install/snow_white_description/share/snow_white_description/package.dsv
[0.324s] -- Up-to-date: /root/seniordesign_ws/src/snow_white_description/install/snow_white_description/share/ament_index/resource_index/packages/snow_white_description
[0.324s] -- Up-to-date: /root/seniordesign_ws/src/snow_white_description/install/snow_white_description/share/snow_white_description/cmake/snow_white_descriptionConfig.cmake
[0.324s] -- Up-to-date: /root/seniordesign_ws/src/snow_white_description/install/snow_white_description/share/snow_white_description/cmake/snow_white_descriptionConfig-version.cmake
[0.324s] -- Installing: /root/seniordesign_ws/src/snow_white_description/install/snow_white_description/share/snow_white_description/package.xml
[0.325s] Invoked command in '/root/seniordesign_ws/src/snow_white_description/build/snow_white_description' returned '0': CMAKE_PREFIX_PATH=${CMAKE_PREFIX_PATH}:/root/install/py_srvcli:/root/install/py_pubsubros2:/root/install/learning_tf2_py:/root/install/python_parameters:/root/install/py_launch_example:/root/install/nav2_simple_commander:/root/install/my_package:/root/install/launch_tutorial:/root/install/launch_testing_examples:/root/install/examples_rclpy_pointcloud_publisher:/root/install/examples_rclpy_minimal_subscriber:/root/install/examples_rclpy_minimal_service:/root/install/examples_rclpy_minimal_publisher:/root/install/examples_rclpy_minimal_client:/root/install/examples_rclpy_minimal_action_server:/root/install/examples_rclpy_minimal_action_client:/root/install/examples_rclpy_guard_conditions:/root/install/examples_rclpy_executors:/opt/ros/humble /usr/bin/cmake --install /root/seniordesign_ws/src/snow_white_description/build/snow_white_description
