-- Install configuration: ""
-- Up-to-date: /root/seniordesign_ws/src/snow_white_description/install/snow_white_description/share/snow_white_description/src
-- Up-to-date: /root/seniordesign_ws/src/snow_white_description/install/snow_white_description/share/snow_white_description/src/description
-- Up-to-date: /root/seniordesign_ws/src/snow_white_description/install/snow_white_description/share/snow_white_description/src/description/snow_white_description.urdf
-- Up-to-date: /root/seniordesign_ws/src/snow_white_description/install/snow_white_description/share/snow_white_description/launch
-- Installing: /root/seniordesign_ws/src/snow_white_description/install/snow_white_description/share/snow_white_description/launch/display.launch.py
-- Up-to-date: /root/seniordesign_ws/src/snow_white_description/install/snow_white_description/share/snow_white_description/rviz
-- Up-to-date: /root/seniordesign_ws/src/snow_white_description/install/snow_white_description/share/snow_white_description/rviz/urdf_config.rviz
-- Up-to-date: /root/seniordesign_ws/src/snow_white_description/install/snow_white_description/share/snow_white_description/config
-- Installing: /root/seniordesign_ws/src/snow_white_description/install/snow_white_description/share/snow_white_description/config/ekf.yaml
-- Up-to-date: /root/seniordesign_ws/src/snow_white_description/install/snow_white_description/share/ament_index/resource_index/package_run_dependencies/snow_white_description
-- Up-to-date: /root/seniordesign_ws/src/snow_white_description/install/snow_white_description/share/ament_index/resource_index/parent_prefix_path/snow_white_description
-- Up-to-date: /root/seniordesign_ws/src/snow_white_description/install/snow_white_description/share/snow_white_description/environment/ament_prefix_path.sh
-- Up-to-date: /root/seniordesign_ws/src/snow_white_description/install/snow_white_description/share/snow_white_description/environment/ament_prefix_path.dsv
-- Up-to-date: /root/seniordesign_ws/src/snow_white_description/install/snow_white_description/share/snow_white_description/environment/path.sh
-- Up-to-date: /root/seniordesign_ws/src/snow_white_description/install/snow_white_description/share/snow_white_description/environment/path.dsv
-- Up-to-date: /root/seniordesign_ws/src/snow_white_description/install/snow_white_description/share/snow_white_description/local_setup.bash
-- Up-to-date: /root/seniordesign_ws/src/snow_white_description/install/snow_white_description/share/snow_white_description/local_setup.sh
-- Up-to-date: /root/seniordesign_ws/src/snow_white_description/install/snow_white_description/share/snow_white_description/local_setup.zsh
-- Up-to-date: /root/seniordesign_ws/src/snow_white_description/install/snow_white_description/share/snow_white_description/local_setup.dsv
-- Up-to-date: /root/seniordesign_ws/src/snow_white_description/install/snow_white_description/share/snow_white_description/package.dsv
-- Up-to-date: /root/seniordesign_ws/src/snow_white_description/install/snow_white_description/share/ament_index/resource_index/packages/snow_white_description
-- Up-to-date: /root/seniordesign_ws/src/snow_white_description/install/snow_white_description/share/snow_white_description/cmake/snow_white_descriptionConfig.cmake
-- Up-to-date: /root/seniordesign_ws/src/snow_white_description/install/snow_white_description/share/snow_white_description/cmake/snow_white_descriptionConfig-version.cmake
-- Up-to-date: /root/seniordesign_ws/src/snow_white_description/install/snow_white_description/share/snow_white_description/package.xml
