[0.013s] Invoking command in '/root/seniordesign_ws/src/snow_white_description/build/snow_white_description': CMAKE_PREFIX_PATH=/opt/ros/humble /usr/bin/cmake --build /root/seniordesign_ws/src/snow_white_description/build/snow_white_description -- -j20 -l20
[0.051s] -- Found ament_cmake: 1.3.10 (/opt/ros/humble/share/ament_cmake/cmake)
[0.143s] -- Found ament_lint_auto: 0.12.11 (/opt/ros/humble/share/ament_lint_auto/cmake)
[0.215s] -- Added test 'cppcheck' to perform static code analysis on C / C++ code
[0.215s] -- Configured cppcheck include dirs: 
[0.215s] -- Configured cppcheck exclude dirs and/or files: 
[0.216s] -- Added test 'flake8' to check Python code syntax and style conventions
[0.218s] -- Added test 'lint_cmake' to check CMake code style
[0.220s] -- Added test 'pep257' to check Python code against some of the docstring style conventions in PEP 257
[0.226s] -- Added test 'uncrustify' to check C / C++ code style
[0.226s] -- Configured uncrustify additional arguments: 
[0.227s] -- Added test 'xmllint' to check XML markup files
[0.228s] -- Configuring done
[0.232s] -- Generating done
[0.232s] -- Build files have been written to: /root/seniordesign_ws/src/snow_white_description/build/snow_white_description
[0.245s] Invoked command in '/root/seniordesign_ws/src/snow_white_description/build/snow_white_description' returned '0': CMAKE_PREFIX_PATH=/opt/ros/humble /usr/bin/cmake --build /root/seniordesign_ws/src/snow_white_description/build/snow_white_description -- -j20 -l20
[0.259s] Invoking command in '/root/seniordesign_ws/src/snow_white_description/build/snow_white_description': CMAKE_PREFIX_PATH=/opt/ros/humble /usr/bin/cmake --install /root/seniordesign_ws/src/snow_white_description/build/snow_white_description
[0.262s] -- Install configuration: ""
[0.262s] -- Up-to-date: /root/seniordesign_ws/src/snow_white_description/install/snow_white_description/share/snow_white_description/src
[0.262s] -- Up-to-date: /root/seniordesign_ws/src/snow_white_description/install/snow_white_description/share/snow_white_description/src/description
[0.262s] -- Installing: /root/seniordesign_ws/src/snow_white_description/install/snow_white_description/share/snow_white_description/src/description/snow_white_description.urdf
[0.262s] -- Up-to-date: /root/seniordesign_ws/src/snow_white_description/install/snow_white_description/share/snow_white_description/launch
[0.262s] -- Installing: /root/seniordesign_ws/src/snow_white_description/install/snow_white_description/share/snow_white_description/launch/display.launch.py
[0.262s] -- Up-to-date: /root/seniordesign_ws/src/snow_white_description/install/snow_white_description/share/snow_white_description/rviz
[0.262s] -- Up-to-date: /root/seniordesign_ws/src/snow_white_description/install/snow_white_description/share/snow_white_description/rviz/urdf_config.rviz
[0.263s] -- Installing: /root/seniordesign_ws/src/snow_white_description/install/snow_white_description/share/ament_index/resource_index/package_run_dependencies/snow_white_description
[0.263s] -- Up-to-date: /root/seniordesign_ws/src/snow_white_description/install/snow_white_description/share/ament_index/resource_index/parent_prefix_path/snow_white_description
[0.263s] -- Up-to-date: /root/seniordesign_ws/src/snow_white_description/install/snow_white_description/share/snow_white_description/environment/ament_prefix_path.sh
[0.263s] -- Installing: /root/seniordesign_ws/src/snow_white_description/install/snow_white_description/share/snow_white_description/environment/ament_prefix_path.dsv
[0.263s] -- Up-to-date: /root/seniordesign_ws/src/snow_white_description/install/snow_white_description/share/snow_white_description/environment/path.sh
[0.263s] -- Installing: /root/seniordesign_ws/src/snow_white_description/install/snow_white_description/share/snow_white_description/environment/path.dsv
[0.263s] -- Up-to-date: /root/seniordesign_ws/src/snow_white_description/install/snow_white_description/share/snow_white_description/local_setup.bash
[0.263s] -- Up-to-date: /root/seniordesign_ws/src/snow_white_description/install/snow_white_description/share/snow_white_description/local_setup.sh
[0.263s] -- Up-to-date: /root/seniordesign_ws/src/snow_white_description/install/snow_white_description/share/snow_white_description/local_setup.zsh
[0.263s] -- Installing: /root/seniordesign_ws/src/snow_white_description/install/snow_white_description/share/snow_white_description/local_setup.dsv
[0.264s] -- Installing: /root/seniordesign_ws/src/snow_white_description/install/snow_white_description/share/snow_white_description/package.dsv
[0.264s] -- Up-to-date: /root/seniordesign_ws/src/snow_white_description/install/snow_white_description/share/ament_index/resource_index/packages/snow_white_description
[0.264s] -- Up-to-date: /root/seniordesign_ws/src/snow_white_description/install/snow_white_description/share/snow_white_description/cmake/snow_white_descriptionConfig.cmake
[0.264s] -- Up-to-date: /root/seniordesign_ws/src/snow_white_description/install/snow_white_description/share/snow_white_description/cmake/snow_white_descriptionConfig-version.cmake
[0.264s] -- Installing: /root/seniordesign_ws/src/snow_white_description/install/snow_white_description/share/snow_white_description/package.xml
[0.265s] Invoked command in '/root/seniordesign_ws/src/snow_white_description/build/snow_white_description' returned '0': CMAKE_PREFIX_PATH=/opt/ros/humble /usr/bin/cmake --install /root/seniordesign_ws/src/snow_white_description/build/snow_white_description
