[0.005s] Invoking command in '/root/seniordesign_ws/src/snow_white_description/build/snow_white_description': CMAKE_PREFIX_PATH=${CMAKE_PREFIX_PATH}:/opt/ros/humble /usr/bin/cmake --build /root/seniordesign_ws/src/snow_white_description/build/snow_white_description -- -j20 -l20
[0.020s] Invoked command in '/root/seniordesign_ws/src/snow_white_description/build/snow_white_description' returned '0': CMAKE_PREFIX_PATH=${CMAKE_PREFIX_PATH}:/opt/ros/humble /usr/bin/cmake --build /root/seniordesign_ws/src/snow_white_description/build/snow_white_description -- -j20 -l20
[0.032s] Invoking command in '/root/seniordesign_ws/src/snow_white_description/build/snow_white_description': CMAKE_PREFIX_PATH=${CMAKE_PREFIX_PATH}:/opt/ros/humble /usr/bin/cmake --install /root/seniordesign_ws/src/snow_white_description/build/snow_white_description
[0.034s] -- Install configuration: ""
[0.034s] -- Up-to-date: /root/seniordesign_ws/src/snow_white_description/install/snow_white_description/share/snow_white_description/src
[0.034s] -- Up-to-date: /root/seniordesign_ws/src/snow_white_description/install/snow_white_description/share/snow_white_description/src/description
[0.034s] -- Up-to-date: /root/seniordesign_ws/src/snow_white_description/install/snow_white_description/share/snow_white_description/src/description/augur.stl:Zone.Identifier
[0.034s] -- Up-to-date: /root/seniordesign_ws/src/snow_white_description/install/snow_white_description/share/snow_white_description/src/description/top-light.stl:Zone.Identifier
[0.034s] -- Up-to-date: /root/seniordesign_ws/src/snow_white_description/install/snow_white_description/share/snow_white_description/src/description/augur.stl
[0.034s] -- Up-to-date: /root/seniordesign_ws/src/snow_white_description/install/snow_white_description/share/snow_white_description/src/description/negative_y_ultrasonic.stl
[0.035s] -- Up-to-date: /root/seniordesign_ws/src/snow_white_description/install/snow_white_description/share/snow_white_description/src/description/front_left_wheel_shaft.stl:Zone.Identifier
[0.035s] -- Up-to-date: /root/seniordesign_ws/src/snow_white_description/install/snow_white_description/share/snow_white_description/src/description/lidar.stl:Zone.Identifier
[0.035s] -- Up-to-date: /root/seniordesign_ws/src/snow_white_description/install/snow_white_description/share/snow_white_description/src/description/rear_left_wheel_shaft.stl
[0.035s] -- Up-to-date: /root/seniordesign_ws/src/snow_white_description/install/snow_white_description/share/snow_white_description/src/description/rear_right_wheel.stl
[0.035s] -- Up-to-date: /root/seniordesign_ws/src/snow_white_description/install/snow_white_description/share/snow_white_description/src/description/Chassis.stl:Zone.Identifier
[0.035s] -- Up-to-date: /root/seniordesign_ws/src/snow_white_description/install/snow_white_description/share/snow_white_description/src/description/front_right_wheel_shaft.stl:Zone.Identifier
[0.035s] -- Up-to-date: /root/seniordesign_ws/src/snow_white_description/install/snow_white_description/share/snow_white_description/src/description/lidar.stl
[0.035s] -- Up-to-date: /root/seniordesign_ws/src/snow_white_description/install/snow_white_description/share/snow_white_description/src/description/front_right_wheel.stl
[0.035s] -- Installing: /root/seniordesign_ws/src/snow_white_description/install/snow_white_description/share/snow_white_description/src/description/snow_white_description_v2.urdf
[0.035s] -- Up-to-date: /root/seniordesign_ws/src/snow_white_description/install/snow_white_description/share/snow_white_description/src/description/rear_right_wheel_shaft.stl
[0.035s] -- Up-to-date: /root/seniordesign_ws/src/snow_white_description/install/snow_white_description/share/snow_white_description/src/description/rear_left_wheel.stl
[0.035s] -- Up-to-date: /root/seniordesign_ws/src/snow_white_description/install/snow_white_description/share/snow_white_description/src/description/negative_y_ultrasonic.stl:Zone.Identifier
[0.035s] -- Up-to-date: /root/seniordesign_ws/src/snow_white_description/install/snow_white_description/share/snow_white_description/src/description/front_left_wheel.stl:Zone.Identifier
[0.036s] -- Up-to-date: /root/seniordesign_ws/src/snow_white_description/install/snow_white_description/share/snow_white_description/src/description/right_augur_wheel.stl:Zone.Identifier
[0.036s] -- Up-to-date: /root/seniordesign_ws/src/snow_white_description/install/snow_white_description/share/snow_white_description/src/description/front_left_wheel_shaft.stl
[0.036s] -- Up-to-date: /root/seniordesign_ws/src/snow_white_description/install/snow_white_description/share/snow_white_description/src/description/e-stop-button.stl
[0.036s] -- Up-to-date: /root/seniordesign_ws/src/snow_white_description/install/snow_white_description/share/snow_white_description/src/description/Full
[0.036s] -- Up-to-date: /root/seniordesign_ws/src/snow_white_description/install/snow_white_description/share/snow_white_description/src/description/Full/Full.urdf
[0.036s] -- Up-to-date: /root/seniordesign_ws/src/snow_white_description/install/snow_white_description/share/snow_white_description/src/description/Full/meshes
[0.036s] -- Up-to-date: /root/seniordesign_ws/src/snow_white_description/install/snow_white_description/share/snow_white_description/src/description/Full/meshes/augur.stl
[0.036s] -- Up-to-date: /root/seniordesign_ws/src/snow_white_description/install/snow_white_description/share/snow_white_description/src/description/Full/meshes/negative_y_ultrasonic.stl
[0.036s] -- Up-to-date: /root/seniordesign_ws/src/snow_white_description/install/snow_white_description/share/snow_white_description/src/description/Full/meshes/rear_left_wheel_shaft.stl
[0.036s] -- Up-to-date: /root/seniordesign_ws/src/snow_white_description/install/snow_white_description/share/snow_white_description/src/description/Full/meshes/rear_right_wheel.stl
[0.036s] -- Up-to-date: /root/seniordesign_ws/src/snow_white_description/install/snow_white_description/share/snow_white_description/src/description/Full/meshes/lidar.stl
[0.036s] -- Up-to-date: /root/seniordesign_ws/src/snow_white_description/install/snow_white_description/share/snow_white_description/src/description/Full/meshes/front_right_wheel.stl
[0.036s] -- Up-to-date: /root/seniordesign_ws/src/snow_white_description/install/snow_white_description/share/snow_white_description/src/description/Full/meshes/rear_right_wheel_shaft.stl
[0.037s] -- Up-to-date: /root/seniordesign_ws/src/snow_white_description/install/snow_white_description/share/snow_white_description/src/description/Full/meshes/rear_left_wheel.stl
[0.037s] -- Up-to-date: /root/seniordesign_ws/src/snow_white_description/install/snow_white_description/share/snow_white_description/src/description/Full/meshes/front_left_wheel_shaft.stl
[0.037s] -- Up-to-date: /root/seniordesign_ws/src/snow_white_description/install/snow_white_description/share/snow_white_description/src/description/Full/meshes/e-stop-button.stl
[0.037s] -- Up-to-date: /root/seniordesign_ws/src/snow_white_description/install/snow_white_description/share/snow_white_description/src/description/Full/meshes/front_right_wheel_shaft.stl
[0.037s] -- Up-to-date: /root/seniordesign_ws/src/snow_white_description/install/snow_white_description/share/snow_white_description/src/description/Full/meshes/right_augur_wheel.stl
[0.037s] -- Up-to-date: /root/seniordesign_ws/src/snow_white_description/install/snow_white_description/share/snow_white_description/src/description/Full/meshes/front_left_wheel.stl
[0.037s] -- Up-to-date: /root/seniordesign_ws/src/snow_white_description/install/snow_white_description/share/snow_white_description/src/description/Full/meshes/top-light.stl
[0.037s] -- Up-to-date: /root/seniordesign_ws/src/snow_white_description/install/snow_white_description/share/snow_white_description/src/description/Full/meshes/left_augur_wheel.stl
[0.037s] -- Up-to-date: /root/seniordesign_ws/src/snow_white_description/install/snow_white_description/share/snow_white_description/src/description/Full/meshes/negative_x_ultrasonic.stl
[0.037s] -- Up-to-date: /root/seniordesign_ws/src/snow_white_description/install/snow_white_description/share/snow_white_description/src/description/Full/meshes/Chassis.stl
[0.037s] -- Up-to-date: /root/seniordesign_ws/src/snow_white_description/install/snow_white_description/share/snow_white_description/src/description/Full/meshes/positive_y_ultrasonic.stl
[0.037s] -- Up-to-date: /root/seniordesign_ws/src/snow_white_description/install/snow_white_description/share/snow_white_description/src/description/Full/meshes/camera.stl
[0.037s] -- Up-to-date: /root/seniordesign_ws/src/snow_white_description/install/snow_white_description/share/snow_white_description/src/description/positive_y_ultrasonic.stl:Zone.Identifier
[0.037s] -- Up-to-date: /root/seniordesign_ws/src/snow_white_description/install/snow_white_description/share/snow_white_description/src/description/front_right_wheel.stl:Zone.Identifier
[0.038s] -- Up-to-date: /root/seniordesign_ws/src/snow_white_description/install/snow_white_description/share/snow_white_description/src/description/snow_white_description.urdf
[0.038s] -- Up-to-date: /root/seniordesign_ws/src/snow_white_description/install/snow_white_description/share/snow_white_description/src/description/rear_right_wheel.stl:Zone.Identifier
[0.038s] -- Up-to-date: /root/seniordesign_ws/src/snow_white_description/install/snow_white_description/share/snow_white_description/src/description/negative_x_ultrasonic.stl:Zone.Identifier
[0.038s] -- Up-to-date: /root/seniordesign_ws/src/snow_white_description/install/snow_white_description/share/snow_white_description/src/description/left_augur_wheel.stl:Zone.Identifier
[0.038s] -- Up-to-date: /root/seniordesign_ws/src/snow_white_description/install/snow_white_description/share/snow_white_description/src/description/rear_right_wheel_shaft.stl:Zone.Identifier
[0.038s] -- Up-to-date: /root/seniordesign_ws/src/snow_white_description/install/snow_white_description/share/snow_white_description/src/description/rear_left_wheel.stl:Zone.Identifier
[0.038s] -- Up-to-date: /root/seniordesign_ws/src/snow_white_description/install/snow_white_description/share/snow_white_description/src/description/front_right_wheel_shaft.stl
[0.038s] -- Up-to-date: /root/seniordesign_ws/src/snow_white_description/install/snow_white_description/share/snow_white_description/src/description/right_augur_wheel.stl
[0.038s] -- Up-to-date: /root/seniordesign_ws/src/snow_white_description/install/snow_white_description/share/snow_white_description/src/description/front_left_wheel.stl
[0.038s] -- Up-to-date: /root/seniordesign_ws/src/snow_white_description/install/snow_white_description/share/snow_white_description/src/description/top-light.stl
[0.038s] -- Up-to-date: /root/seniordesign_ws/src/snow_white_description/install/snow_white_description/share/snow_white_description/src/description/camera.stl:Zone.Identifier
[0.038s] -- Up-to-date: /root/seniordesign_ws/src/snow_white_description/install/snow_white_description/share/snow_white_description/src/description/rear_left_wheel_shaft.stl:Zone.Identifier
[0.038s] -- Up-to-date: /root/seniordesign_ws/src/snow_white_description/install/snow_white_description/share/snow_white_description/src/description/left_augur_wheel.stl
[0.038s] -- Up-to-date: /root/seniordesign_ws/src/snow_white_description/install/snow_white_description/share/snow_white_description/src/description/negative_x_ultrasonic.stl
[0.038s] -- Up-to-date: /root/seniordesign_ws/src/snow_white_description/install/snow_white_description/share/snow_white_description/src/description/Chassis.stl
[0.039s] -- Up-to-date: /root/seniordesign_ws/src/snow_white_description/install/snow_white_description/share/snow_white_description/src/description/e-stop-button.stl:Zone.Identifier
[0.039s] -- Up-to-date: /root/seniordesign_ws/src/snow_white_description/install/snow_white_description/share/snow_white_description/src/description/positive_y_ultrasonic.stl
[0.039s] -- Up-to-date: /root/seniordesign_ws/src/snow_white_description/install/snow_white_description/share/snow_white_description/src/description/camera.stl
[0.039s] -- Up-to-date: /root/seniordesign_ws/src/snow_white_description/install/snow_white_description/share/snow_white_description/launch
[0.039s] -- Up-to-date: /root/seniordesign_ws/src/snow_white_description/install/snow_white_description/share/snow_white_description/launch/master2.launch.py
[0.039s] -- Up-to-date: /root/seniordesign_ws/src/snow_white_description/install/snow_white_description/share/snow_white_description/launch/master.launch.py
[0.039s] -- Up-to-date: /root/seniordesign_ws/src/snow_white_description/install/snow_white_description/share/snow_white_description/launch/display.launch.py
[0.039s] -- Up-to-date: /root/seniordesign_ws/src/snow_white_description/install/snow_white_description/share/snow_white_description/launch/display2.launch.py
[0.039s] -- Up-to-date: /root/seniordesign_ws/src/snow_white_description/install/snow_white_description/share/snow_white_description/rviz
[0.039s] -- Up-to-date: /root/seniordesign_ws/src/snow_white_description/install/snow_white_description/share/snow_white_description/rviz/urdf_config.rviz
[0.039s] -- Up-to-date: /root/seniordesign_ws/src/snow_white_description/install/snow_white_description/share/snow_white_description/config
[0.039s] -- Up-to-date: /root/seniordesign_ws/src/snow_white_description/install/snow_white_description/share/snow_white_description/config/nav2_params.yaml
[0.040s] -- Up-to-date: /root/seniordesign_ws/src/snow_white_description/install/snow_white_description/share/snow_white_description/config/ekf.yaml
[0.040s] -- Up-to-date: /root/seniordesign_ws/src/snow_white_description/install/snow_white_description/share/snow_white_description/world
[0.040s] -- Up-to-date: /root/seniordesign_ws/src/snow_white_description/install/snow_white_description/share/snow_white_description/world/my_world.sdf
[0.040s] -- Up-to-date: /root/seniordesign_ws/src/snow_white_description/install/snow_white_description/share/ament_index/resource_index/package_run_dependencies/snow_white_description
[0.040s] -- Up-to-date: /root/seniordesign_ws/src/snow_white_description/install/snow_white_description/share/ament_index/resource_index/parent_prefix_path/snow_white_description
[0.040s] -- Up-to-date: /root/seniordesign_ws/src/snow_white_description/install/snow_white_description/share/snow_white_description/environment/ament_prefix_path.sh
[0.040s] -- Up-to-date: /root/seniordesign_ws/src/snow_white_description/install/snow_white_description/share/snow_white_description/environment/ament_prefix_path.dsv
[0.041s] -- Up-to-date: /root/seniordesign_ws/src/snow_white_description/install/snow_white_description/share/snow_white_description/environment/path.sh
[0.041s] -- Up-to-date: /root/seniordesign_ws/src/snow_white_description/install/snow_white_description/share/snow_white_description/environment/path.dsv
[0.041s] -- Up-to-date: /root/seniordesign_ws/src/snow_white_description/install/snow_white_description/share/snow_white_description/local_setup.bash
[0.041s] -- Up-to-date: /root/seniordesign_ws/src/snow_white_description/install/snow_white_description/share/snow_white_description/local_setup.sh
[0.041s] -- Up-to-date: /root/seniordesign_ws/src/snow_white_description/install/snow_white_description/share/snow_white_description/local_setup.zsh
[0.041s] -- Up-to-date: /root/seniordesign_ws/src/snow_white_description/install/snow_white_description/share/snow_white_description/local_setup.dsv
[0.041s] -- Installing: /root/seniordesign_ws/src/snow_white_description/install/snow_white_description/share/snow_white_description/package.dsv
[0.041s] -- Up-to-date: /root/seniordesign_ws/src/snow_white_description/install/snow_white_description/share/ament_index/resource_index/packages/snow_white_description
[0.041s] -- Up-to-date: /root/seniordesign_ws/src/snow_white_description/install/snow_white_description/share/snow_white_description/cmake/snow_white_descriptionConfig.cmake
[0.041s] -- Up-to-date: /root/seniordesign_ws/src/snow_white_description/install/snow_white_description/share/snow_white_description/cmake/snow_white_descriptionConfig-version.cmake
[0.041s] -- Up-to-date: /root/seniordesign_ws/src/snow_white_description/install/snow_white_description/share/snow_white_description/package.xml
[0.041s] Invoked command in '/root/seniordesign_ws/src/snow_white_description/build/snow_white_description' returned '0': CMAKE_PREFIX_PATH=${CMAKE_PREFIX_PATH}:/opt/ros/humble /usr/bin/cmake --install /root/seniordesign_ws/src/snow_white_description/build/snow_white_description
