[0.008s] Invoking command in '/root/seniordesign_ws/src/snow_white_description/build/snow_white_description': CMAKE_PREFIX_PATH=/opt/ros/humble /usr/bin/cmake /root/seniordesign_ws/src/snow_white_description -DCMAKE_INSTALL_PREFIX=/root/seniordesign_ws/src/snow_white_description/install/snow_white_description
[0.141s] -- The C compiler identification is GNU 11.4.0
[0.402s] -- The CXX compiler identification is GNU 11.4.0
[0.595s] -- Detecting C compiler ABI info
[0.696s] -- Detecting C compiler ABI info - done
[0.700s] -- Check for working C compiler: /usr/bin/cc - skipped
[0.700s] -- Detecting C compile features
[0.700s] -- Detecting C compile features - done
[0.703s] -- Detecting CXX compiler ABI info
[0.785s] -- Detecting CXX compiler ABI info - done
[0.789s] -- Check for working CXX compiler: /usr/bin/c++ - skipped
[0.789s] -- Detecting CXX compile features
[0.789s] -- Detecting CXX compile features - done
[0.792s] -- Found ament_cmake: 1.3.10 (/opt/ros/humble/share/ament_cmake/cmake)
[0.869s] -- Found Python3: /usr/bin/python3 (found version "3.10.12") found components: Interpreter 
[0.928s] -- Found ament_lint_auto: 0.12.11 (/opt/ros/humble/share/ament_lint_auto/cmake)
[0.973s] -- Added test 'cppcheck' to perform static code analysis on C / C++ code
[0.973s] -- Configured cppcheck include dirs: 
[0.973s] -- Configured cppcheck exclude dirs and/or files: 
[0.973s] -- Added test 'flake8' to check Python code syntax and style conventions
[0.974s] -- Added test 'lint_cmake' to check CMake code style
[0.974s] -- Added test 'pep257' to check Python code against some of the docstring style conventions in PEP 257
[0.976s] -- Added test 'uncrustify' to check C / C++ code style
[0.976s] -- Configured uncrustify additional arguments: 
[0.976s] -- Added test 'xmllint' to check XML markup files
[0.978s] -- Configuring done
[0.979s] -- Generating done
[0.980s] -- Build files have been written to: /root/seniordesign_ws/src/snow_white_description/build/snow_white_description
[0.982s] Invoked command in '/root/seniordesign_ws/src/snow_white_description/build/snow_white_description' returned '0': CMAKE_PREFIX_PATH=/opt/ros/humble /usr/bin/cmake /root/seniordesign_ws/src/snow_white_description -DCMAKE_INSTALL_PREFIX=/root/seniordesign_ws/src/snow_white_description/install/snow_white_description
[0.983s] Invoking command in '/root/seniordesign_ws/src/snow_white_description/build/snow_white_description': CMAKE_PREFIX_PATH=/opt/ros/humble /usr/bin/cmake --build /root/seniordesign_ws/src/snow_white_description/build/snow_white_description -- -j20 -l20
[0.997s] Invoked command in '/root/seniordesign_ws/src/snow_white_description/build/snow_white_description' returned '0': CMAKE_PREFIX_PATH=/opt/ros/humble /usr/bin/cmake --build /root/seniordesign_ws/src/snow_white_description/build/snow_white_description -- -j20 -l20
[1.009s] Invoking command in '/root/seniordesign_ws/src/snow_white_description/build/snow_white_description': CMAKE_PREFIX_PATH=/opt/ros/humble /usr/bin/cmake --install /root/seniordesign_ws/src/snow_white_description/build/snow_white_description
[1.012s] -- Install configuration: ""
[1.012s] -- Installing: /root/seniordesign_ws/src/snow_white_description/install/snow_white_description/share/snow_white_description/src
[1.012s] -- Installing: /root/seniordesign_ws/src/snow_white_description/install/snow_white_description/share/snow_white_description/launch
[1.012s] -- Installing: /root/seniordesign_ws/src/snow_white_description/install/snow_white_description/share/snow_white_description/launch/display.launch.py
[1.012s] -- Installing: /root/seniordesign_ws/src/snow_white_description/install/snow_white_description/share/snow_white_description/rviz
[1.012s] -- Installing: /root/seniordesign_ws/src/snow_white_description/install/snow_white_description/share/snow_white_description/rviz/urdf_config.rviz
[1.012s] -- Installing: /root/seniordesign_ws/src/snow_white_description/install/snow_white_description/share/ament_index/resource_index/package_run_dependencies/snow_white_description
[1.012s] -- Installing: /root/seniordesign_ws/src/snow_white_description/install/snow_white_description/share/ament_index/resource_index/parent_prefix_path/snow_white_description
[1.012s] -- Installing: /root/seniordesign_ws/src/snow_white_description/install/snow_white_description/share/snow_white_description/environment/ament_prefix_path.sh
[1.012s] -- Installing: /root/seniordesign_ws/src/snow_white_description/install/snow_white_description/share/snow_white_description/environment/ament_prefix_path.dsv
[1.012s] -- Installing: /root/seniordesign_ws/src/snow_white_description/install/snow_white_description/share/snow_white_description/environment/path.sh
[1.013s] -- Installing: /root/seniordesign_ws/src/snow_white_description/install/snow_white_description/share/snow_white_description/environment/path.dsv
[1.013s] -- Installing: /root/seniordesign_ws/src/snow_white_description/install/snow_white_description/share/snow_white_description/local_setup.bash
[1.013s] -- Installing: /root/seniordesign_ws/src/snow_white_description/install/snow_white_description/share/snow_white_description/local_setup.sh
[1.013s] -- Installing: /root/seniordesign_ws/src/snow_white_description/install/snow_white_description/share/snow_white_description/local_setup.zsh
[1.013s] -- Installing: /root/seniordesign_ws/src/snow_white_description/install/snow_white_description/share/snow_white_description/local_setup.dsv
[1.013s] -- Installing: /root/seniordesign_ws/src/snow_white_description/install/snow_white_description/share/snow_white_description/package.dsv
[1.013s] -- Installing: /root/seniordesign_ws/src/snow_white_description/install/snow_white_description/share/ament_index/resource_index/packages/snow_white_description
[1.013s] -- Installing: /root/seniordesign_ws/src/snow_white_description/install/snow_white_description/share/snow_white_description/cmake/snow_white_descriptionConfig.cmake
[1.013s] -- Installing: /root/seniordesign_ws/src/snow_white_description/install/snow_white_description/share/snow_white_description/cmake/snow_white_descriptionConfig-version.cmake
[1.013s] -- Installing: /root/seniordesign_ws/src/snow_white_description/install/snow_white_description/share/snow_white_description/package.xml
[1.014s] Invoked command in '/root/seniordesign_ws/src/snow_white_description/build/snow_white_description' returned '0': CMAKE_PREFIX_PATH=/opt/ros/humble /usr/bin/cmake --install /root/seniordesign_ws/src/snow_white_description/build/snow_white_description
