-- Install configuration: ""
-- Up-to-date: /root/seniordesign_ws/src/snow_white_description/install/snow_white_description/share/snow_white_description/src
-- Up-to-date: /root/seniordesign_ws/src/snow_white_description/install/snow_white_description/share/snow_white_description/src/description
-- Up-to-date: /root/seniordesign_ws/src/snow_white_description/install/snow_white_description/share/snow_white_description/src/description/augur.stl:Zone.Identifier
-- Up-to-date: /root/seniordesign_ws/src/snow_white_description/install/snow_white_description/share/snow_white_description/src/description/top-light.stl:Zone.Identifier
-- Up-to-date: /root/seniordesign_ws/src/snow_white_description/install/snow_white_description/share/snow_white_description/src/description/augur.stl
-- Up-to-date: /root/seniordesign_ws/src/snow_white_description/install/snow_white_description/share/snow_white_description/src/description/negative_y_ultrasonic.stl
-- Up-to-date: /root/seniordesign_ws/src/snow_white_description/install/snow_white_description/share/snow_white_description/src/description/front_left_wheel_shaft.stl:Zone.Identifier
-- Up-to-date: /root/seniordesign_ws/src/snow_white_description/install/snow_white_description/share/snow_white_description/src/description/lidar.stl:Zone.Identifier
-- Up-to-date: /root/seniordesign_ws/src/snow_white_description/install/snow_white_description/share/snow_white_description/src/description/rear_left_wheel_shaft.stl
-- Up-to-date: /root/seniordesign_ws/src/snow_white_description/install/snow_white_description/share/snow_white_description/src/description/rear_right_wheel.stl
-- Up-to-date: /root/seniordesign_ws/src/snow_white_description/install/snow_white_description/share/snow_white_description/src/description/Chassis.stl:Zone.Identifier
-- Up-to-date: /root/seniordesign_ws/src/snow_white_description/install/snow_white_description/share/snow_white_description/src/description/front_right_wheel_shaft.stl:Zone.Identifier
-- Up-to-date: /root/seniordesign_ws/src/snow_white_description/install/snow_white_description/share/snow_white_description/src/description/lidar.stl
-- Up-to-date: /root/seniordesign_ws/src/snow_white_description/install/snow_white_description/share/snow_white_description/src/description/front_right_wheel.stl
-- Up-to-date: /root/seniordesign_ws/src/snow_white_description/install/snow_white_description/share/snow_white_description/src/description/snow_white_description_v2.urdf
-- Up-to-date: /root/seniordesign_ws/src/snow_white_description/install/snow_white_description/share/snow_white_description/src/description/rear_right_wheel_shaft.stl
-- Up-to-date: /root/seniordesign_ws/src/snow_white_description/install/snow_white_description/share/snow_white_description/src/description/rear_left_wheel.stl
-- Up-to-date: /root/seniordesign_ws/src/snow_white_description/install/snow_white_description/share/snow_white_description/src/description/negative_y_ultrasonic.stl:Zone.Identifier
-- Up-to-date: /root/seniordesign_ws/src/snow_white_description/install/snow_white_description/share/snow_white_description/src/description/front_left_wheel.stl:Zone.Identifier
-- Up-to-date: /root/seniordesign_ws/src/snow_white_description/install/snow_white_description/share/snow_white_description/src/description/snow_white_description_v2_backup.urdf
-- Up-to-date: /root/seniordesign_ws/src/snow_white_description/install/snow_white_description/share/snow_white_description/src/description/right_augur_wheel.stl:Zone.Identifier
-- Up-to-date: /root/seniordesign_ws/src/snow_white_description/install/snow_white_description/share/snow_white_description/src/description/front_left_wheel_shaft.stl
-- Up-to-date: /root/seniordesign_ws/src/snow_white_description/install/snow_white_description/share/snow_white_description/src/description/e-stop-button.stl
-- Up-to-date: /root/seniordesign_ws/src/snow_white_description/install/snow_white_description/share/snow_white_description/src/description/Full
-- Up-to-date: /root/seniordesign_ws/src/snow_white_description/install/snow_white_description/share/snow_white_description/src/description/Full/Full.urdf
-- Up-to-date: /root/seniordesign_ws/src/snow_white_description/install/snow_white_description/share/snow_white_description/src/description/Full/meshes
-- Up-to-date: /root/seniordesign_ws/src/snow_white_description/install/snow_white_description/share/snow_white_description/src/description/Full/meshes/augur.stl
-- Up-to-date: /root/seniordesign_ws/src/snow_white_description/install/snow_white_description/share/snow_white_description/src/description/Full/meshes/negative_y_ultrasonic.stl
-- Up-to-date: /root/seniordesign_ws/src/snow_white_description/install/snow_white_description/share/snow_white_description/src/description/Full/meshes/rear_left_wheel_shaft.stl
-- Up-to-date: /root/seniordesign_ws/src/snow_white_description/install/snow_white_description/share/snow_white_description/src/description/Full/meshes/rear_right_wheel.stl
-- Up-to-date: /root/seniordesign_ws/src/snow_white_description/install/snow_white_description/share/snow_white_description/src/description/Full/meshes/lidar.stl
-- Up-to-date: /root/seniordesign_ws/src/snow_white_description/install/snow_white_description/share/snow_white_description/src/description/Full/meshes/front_right_wheel.stl
-- Up-to-date: /root/seniordesign_ws/src/snow_white_description/install/snow_white_description/share/snow_white_description/src/description/Full/meshes/rear_right_wheel_shaft.stl
-- Up-to-date: /root/seniordesign_ws/src/snow_white_description/install/snow_white_description/share/snow_white_description/src/description/Full/meshes/rear_left_wheel.stl
-- Up-to-date: /root/seniordesign_ws/src/snow_white_description/install/snow_white_description/share/snow_white_description/src/description/Full/meshes/front_left_wheel_shaft.stl
-- Up-to-date: /root/seniordesign_ws/src/snow_white_description/install/snow_white_description/share/snow_white_description/src/description/Full/meshes/e-stop-button.stl
-- Up-to-date: /root/seniordesign_ws/src/snow_white_description/install/snow_white_description/share/snow_white_description/src/description/Full/meshes/front_right_wheel_shaft.stl
-- Up-to-date: /root/seniordesign_ws/src/snow_white_description/install/snow_white_description/share/snow_white_description/src/description/Full/meshes/right_augur_wheel.stl
-- Up-to-date: /root/seniordesign_ws/src/snow_white_description/install/snow_white_description/share/snow_white_description/src/description/Full/meshes/front_left_wheel.stl
-- Up-to-date: /root/seniordesign_ws/src/snow_white_description/install/snow_white_description/share/snow_white_description/src/description/Full/meshes/top-light.stl
-- Up-to-date: /root/seniordesign_ws/src/snow_white_description/install/snow_white_description/share/snow_white_description/src/description/Full/meshes/left_augur_wheel.stl
-- Up-to-date: /root/seniordesign_ws/src/snow_white_description/install/snow_white_description/share/snow_white_description/src/description/Full/meshes/negative_x_ultrasonic.stl
-- Up-to-date: /root/seniordesign_ws/src/snow_white_description/install/snow_white_description/share/snow_white_description/src/description/Full/meshes/Chassis.stl
-- Up-to-date: /root/seniordesign_ws/src/snow_white_description/install/snow_white_description/share/snow_white_description/src/description/Full/meshes/positive_y_ultrasonic.stl
-- Up-to-date: /root/seniordesign_ws/src/snow_white_description/install/snow_white_description/share/snow_white_description/src/description/Full/meshes/camera.stl
-- Up-to-date: /root/seniordesign_ws/src/snow_white_description/install/snow_white_description/share/snow_white_description/src/description/positive_y_ultrasonic.stl:Zone.Identifier
-- Up-to-date: /root/seniordesign_ws/src/snow_white_description/install/snow_white_description/share/snow_white_description/src/description/front_right_wheel.stl:Zone.Identifier
-- Up-to-date: /root/seniordesign_ws/src/snow_white_description/install/snow_white_description/share/snow_white_description/src/description/snow_white_description.urdf
-- Up-to-date: /root/seniordesign_ws/src/snow_white_description/install/snow_white_description/share/snow_white_description/src/description/rear_right_wheel.stl:Zone.Identifier
-- Up-to-date: /root/seniordesign_ws/src/snow_white_description/install/snow_white_description/share/snow_white_description/src/description/negative_x_ultrasonic.stl:Zone.Identifier
-- Up-to-date: /root/seniordesign_ws/src/snow_white_description/install/snow_white_description/share/snow_white_description/src/description/left_augur_wheel.stl:Zone.Identifier
-- Up-to-date: /root/seniordesign_ws/src/snow_white_description/install/snow_white_description/share/snow_white_description/src/description/rear_right_wheel_shaft.stl:Zone.Identifier
-- Up-to-date: /root/seniordesign_ws/src/snow_white_description/install/snow_white_description/share/snow_white_description/src/description/rear_left_wheel.stl:Zone.Identifier
-- Up-to-date: /root/seniordesign_ws/src/snow_white_description/install/snow_white_description/share/snow_white_description/src/description/front_right_wheel_shaft.stl
-- Up-to-date: /root/seniordesign_ws/src/snow_white_description/install/snow_white_description/share/snow_white_description/src/description/right_augur_wheel.stl
-- Up-to-date: /root/seniordesign_ws/src/snow_white_description/install/snow_white_description/share/snow_white_description/src/description/front_left_wheel.stl
-- Up-to-date: /root/seniordesign_ws/src/snow_white_description/install/snow_white_description/share/snow_white_description/src/description/top-light.stl
-- Up-to-date: /root/seniordesign_ws/src/snow_white_description/install/snow_white_description/share/snow_white_description/src/description/camera.stl:Zone.Identifier
-- Up-to-date: /root/seniordesign_ws/src/snow_white_description/install/snow_white_description/share/snow_white_description/src/description/rear_left_wheel_shaft.stl:Zone.Identifier
-- Up-to-date: /root/seniordesign_ws/src/snow_white_description/install/snow_white_description/share/snow_white_description/src/description/left_augur_wheel.stl
-- Up-to-date: /root/seniordesign_ws/src/snow_white_description/install/snow_white_description/share/snow_white_description/src/description/negative_x_ultrasonic.stl
-- Up-to-date: /root/seniordesign_ws/src/snow_white_description/install/snow_white_description/share/snow_white_description/src/description/Chassis.stl
-- Up-to-date: /root/seniordesign_ws/src/snow_white_description/install/snow_white_description/share/snow_white_description/src/description/e-stop-button.stl:Zone.Identifier
-- Up-to-date: /root/seniordesign_ws/src/snow_white_description/install/snow_white_description/share/snow_white_description/src/description/positive_y_ultrasonic.stl
-- Up-to-date: /root/seniordesign_ws/src/snow_white_description/install/snow_white_description/share/snow_white_description/src/description/camera.stl
-- Up-to-date: /root/seniordesign_ws/src/snow_white_description/install/snow_white_description/share/snow_white_description/launch
-- Up-to-date: /root/seniordesign_ws/src/snow_white_description/install/snow_white_description/share/snow_white_description/launch/master2.launch.py
-- Up-to-date: /root/seniordesign_ws/src/snow_white_description/install/snow_white_description/share/snow_white_description/launch/master.launch.py
-- Up-to-date: /root/seniordesign_ws/src/snow_white_description/install/snow_white_description/share/snow_white_description/launch/display.launch.py
-- Up-to-date: /root/seniordesign_ws/src/snow_white_description/install/snow_white_description/share/snow_white_description/launch/display2.launch.py
-- Up-to-date: /root/seniordesign_ws/src/snow_white_description/install/snow_white_description/share/snow_white_description/rviz
-- Up-to-date: /root/seniordesign_ws/src/snow_white_description/install/snow_white_description/share/snow_white_description/rviz/urdf_config.rviz:Zone.Identifier
-- Installing: /root/seniordesign_ws/src/snow_white_description/install/snow_white_description/share/snow_white_description/rviz/urdf_config.rviz
-- Up-to-date: /root/seniordesign_ws/src/snow_white_description/install/snow_white_description/share/snow_white_description/rviz/urdf_config_backup.rviz
-- Up-to-date: /root/seniordesign_ws/src/snow_white_description/install/snow_white_description/share/snow_white_description/rviz/urdf_config - Copy.rviz:Zone.Identifier
-- Up-to-date: /root/seniordesign_ws/src/snow_white_description/install/snow_white_description/share/snow_white_description/config
-- Up-to-date: /root/seniordesign_ws/src/snow_white_description/install/snow_white_description/share/snow_white_description/config/nav2_params.yaml
-- Up-to-date: /root/seniordesign_ws/src/snow_white_description/install/snow_white_description/share/snow_white_description/config/ekf.yaml
-- Up-to-date: /root/seniordesign_ws/src/snow_white_description/install/snow_white_description/share/snow_white_description/world
-- Up-to-date: /root/seniordesign_ws/src/snow_white_description/install/snow_white_description/share/snow_white_description/world/my_world.sdf
-- Up-to-date: /root/seniordesign_ws/src/snow_white_description/install/snow_white_description/share/ament_index/resource_index/package_run_dependencies/snow_white_description
-- Up-to-date: /root/seniordesign_ws/src/snow_white_description/install/snow_white_description/share/ament_index/resource_index/parent_prefix_path/snow_white_description
-- Up-to-date: /root/seniordesign_ws/src/snow_white_description/install/snow_white_description/share/snow_white_description/environment/ament_prefix_path.sh
-- Up-to-date: /root/seniordesign_ws/src/snow_white_description/install/snow_white_description/share/snow_white_description/environment/ament_prefix_path.dsv
-- Up-to-date: /root/seniordesign_ws/src/snow_white_description/install/snow_white_description/share/snow_white_description/environment/path.sh
-- Up-to-date: /root/seniordesign_ws/src/snow_white_description/install/snow_white_description/share/snow_white_description/environment/path.dsv
-- Up-to-date: /root/seniordesign_ws/src/snow_white_description/install/snow_white_description/share/snow_white_description/local_setup.bash
-- Up-to-date: /root/seniordesign_ws/src/snow_white_description/install/snow_white_description/share/snow_white_description/local_setup.sh
-- Up-to-date: /root/seniordesign_ws/src/snow_white_description/install/snow_white_description/share/snow_white_description/local_setup.zsh
-- Up-to-date: /root/seniordesign_ws/src/snow_white_description/install/snow_white_description/share/snow_white_description/local_setup.dsv
-- Installing: /root/seniordesign_ws/src/snow_white_description/install/snow_white_description/share/snow_white_description/package.dsv
-- Up-to-date: /root/seniordesign_ws/src/snow_white_description/install/snow_white_description/share/ament_index/resource_index/packages/snow_white_description
-- Up-to-date: /root/seniordesign_ws/src/snow_white_description/install/snow_white_description/share/snow_white_description/cmake/snow_white_descriptionConfig.cmake
-- Up-to-date: /root/seniordesign_ws/src/snow_white_description/install/snow_white_description/share/snow_white_description/cmake/snow_white_descriptionConfig-version.cmake
-- Up-to-date: /root/seniordesign_ws/src/snow_white_description/install/snow_white_description/share/snow_white_description/package.xml
