[0.009s] Invoking command in '/root/seniordesign_ws/src/snow_white_description/build/snow_white_description': CMAKE_PREFIX_PATH=${CMAKE_PREFIX_PATH}:/root/install/py_srvcli:/root/install/py_pubsubros2:/root/install/learning_tf2_py:/root/install/python_parameters:/root/install/py_launch_example:/root/install/nav2_simple_commander:/root/install/my_package:/root/install/launch_tutorial:/root/install/launch_testing_examples:/root/install/examples_rclpy_pointcloud_publisher:/root/install/examples_rclpy_minimal_subscriber:/root/install/examples_rclpy_minimal_service:/root/install/examples_rclpy_minimal_publisher:/root/install/examples_rclpy_minimal_client:/root/install/examples_rclpy_minimal_action_server:/root/install/examples_rclpy_minimal_action_client:/root/install/examples_rclpy_guard_conditions:/root/install/examples_rclpy_executors:/opt/ros/humble /usr/bin/cmake --build /root/seniordesign_ws/src/snow_white_description/build/snow_white_description -- -j20 -l20
[0.025s] Invoked command in '/root/seniordesign_ws/src/snow_white_description/build/snow_white_description' returned '0': CMAKE_PREFIX_PATH=${CMAKE_PREFIX_PATH}:/root/install/py_srvcli:/root/install/py_pubsubros2:/root/install/learning_tf2_py:/root/install/python_parameters:/root/install/py_launch_example:/root/install/nav2_simple_commander:/root/install/my_package:/root/install/launch_tutorial:/root/install/launch_testing_examples:/root/install/examples_rclpy_pointcloud_publisher:/root/install/examples_rclpy_minimal_subscriber:/root/install/examples_rclpy_minimal_service:/root/install/examples_rclpy_minimal_publisher:/root/install/examples_rclpy_minimal_client:/root/install/examples_rclpy_minimal_action_server:/root/install/examples_rclpy_minimal_action_client:/root/install/examples_rclpy_guard_conditions:/root/install/examples_rclpy_executors:/opt/ros/humble /usr/bin/cmake --build /root/seniordesign_ws/src/snow_white_description/build/snow_white_description -- -j20 -l20
[0.041s] Invoking command in '/root/seniordesign_ws/src/snow_white_description/build/snow_white_description': CMAKE_PREFIX_PATH=${CMAKE_PREFIX_PATH}:/root/install/py_srvcli:/root/install/py_pubsubros2:/root/install/learning_tf2_py:/root/install/python_parameters:/root/install/py_launch_example:/root/install/nav2_simple_commander:/root/install/my_package:/root/install/launch_tutorial:/root/install/launch_testing_examples:/root/install/examples_rclpy_pointcloud_publisher:/root/install/examples_rclpy_minimal_subscriber:/root/install/examples_rclpy_minimal_service:/root/install/examples_rclpy_minimal_publisher:/root/install/examples_rclpy_minimal_client:/root/install/examples_rclpy_minimal_action_server:/root/install/examples_rclpy_minimal_action_client:/root/install/examples_rclpy_guard_conditions:/root/install/examples_rclpy_executors:/opt/ros/humble /usr/bin/cmake --install /root/seniordesign_ws/src/snow_white_description/build/snow_white_description
[0.046s] -- Install configuration: ""
[0.047s] -- Up-to-date: /root/seniordesign_ws/src/snow_white_description/install/snow_white_description/share/snow_white_description/src
[0.047s] -- Up-to-date: /root/seniordesign_ws/src/snow_white_description/install/snow_white_description/share/snow_white_description/src/description
[0.047s] -- Up-to-date: /root/seniordesign_ws/src/snow_white_description/install/snow_white_description/share/snow_white_description/src/description/snow_white_description.urdf
[0.047s] -- Up-to-date: /root/seniordesign_ws/src/snow_white_description/install/snow_white_description/share/snow_white_description/launch
[0.047s] -- Installing: /root/seniordesign_ws/src/snow_white_description/install/snow_white_description/share/snow_white_description/launch/display.launch.py
[0.047s] -- Up-to-date: /root/seniordesign_ws/src/snow_white_description/install/snow_white_description/share/snow_white_description/rviz
[0.047s] -- Up-to-date: /root/seniordesign_ws/src/snow_white_description/install/snow_white_description/share/snow_white_description/rviz/urdf_config.rviz
[0.047s] -- Up-to-date: /root/seniordesign_ws/src/snow_white_description/install/snow_white_description/share/snow_white_description/config
[0.047s] -- Up-to-date: /root/seniordesign_ws/src/snow_white_description/install/snow_white_description/share/snow_white_description/config/ekf.yaml
[0.047s] -- Up-to-date: /root/seniordesign_ws/src/snow_white_description/install/snow_white_description/share/ament_index/resource_index/package_run_dependencies/snow_white_description
[0.048s] -- Up-to-date: /root/seniordesign_ws/src/snow_white_description/install/snow_white_description/share/ament_index/resource_index/parent_prefix_path/snow_white_description
[0.048s] -- Up-to-date: /root/seniordesign_ws/src/snow_white_description/install/snow_white_description/share/snow_white_description/environment/ament_prefix_path.sh
[0.048s] -- Up-to-date: /root/seniordesign_ws/src/snow_white_description/install/snow_white_description/share/snow_white_description/environment/ament_prefix_path.dsv
[0.048s] -- Up-to-date: /root/seniordesign_ws/src/snow_white_description/install/snow_white_description/share/snow_white_description/environment/path.sh
[0.048s] -- Up-to-date: /root/seniordesign_ws/src/snow_white_description/install/snow_white_description/share/snow_white_description/environment/path.dsv
[0.048s] -- Up-to-date: /root/seniordesign_ws/src/snow_white_description/install/snow_white_description/share/snow_white_description/local_setup.bash
[0.048s] -- Up-to-date: /root/seniordesign_ws/src/snow_white_description/install/snow_white_description/share/snow_white_description/local_setup.sh
[0.048s] -- Up-to-date: /root/seniordesign_ws/src/snow_white_description/install/snow_white_description/share/snow_white_description/local_setup.zsh
[0.048s] -- Up-to-date: /root/seniordesign_ws/src/snow_white_description/install/snow_white_description/share/snow_white_description/local_setup.dsv
[0.048s] -- Installing: /root/seniordesign_ws/src/snow_white_description/install/snow_white_description/share/snow_white_description/package.dsv
[0.048s] -- Up-to-date: /root/seniordesign_ws/src/snow_white_description/install/snow_white_description/share/ament_index/resource_index/packages/snow_white_description
[0.048s] -- Up-to-date: /root/seniordesign_ws/src/snow_white_description/install/snow_white_description/share/snow_white_description/cmake/snow_white_descriptionConfig.cmake
[0.048s] -- Up-to-date: /root/seniordesign_ws/src/snow_white_description/install/snow_white_description/share/snow_white_description/cmake/snow_white_descriptionConfig-version.cmake
[0.048s] -- Up-to-date: /root/seniordesign_ws/src/snow_white_description/install/snow_white_description/share/snow_white_description/package.xml
[0.050s] Invoked command in '/root/seniordesign_ws/src/snow_white_description/build/snow_white_description' returned '0': CMAKE_PREFIX_PATH=${CMAKE_PREFIX_PATH}:/root/install/py_srvcli:/root/install/py_pubsubros2:/root/install/learning_tf2_py:/root/install/python_parameters:/root/install/py_launch_example:/root/install/nav2_simple_commander:/root/install/my_package:/root/install/launch_tutorial:/root/install/launch_testing_examples:/root/install/examples_rclpy_pointcloud_publisher:/root/install/examples_rclpy_minimal_subscriber:/root/install/examples_rclpy_minimal_service:/root/install/examples_rclpy_minimal_publisher:/root/install/examples_rclpy_minimal_client:/root/install/examples_rclpy_minimal_action_server:/root/install/examples_rclpy_minimal_action_client:/root/install/examples_rclpy_guard_conditions:/root/install/examples_rclpy_executors:/opt/ros/humble /usr/bin/cmake --install /root/seniordesign_ws/src/snow_white_description/build/snow_white_description
